<?xml version="1.0" encoding="UTF-8"?>
<!-- Generated by org.testng.reporters.JUnitReportReporter -->
<testsuite hostname="AbdallahAfaneh" failures="0" tests="1" name="Myclass" time="0.009" errors="0" timestamp="2023-10-23T13:14:08 AST" skipped="0">
  <testcase classname="Myclass" name="myTestOne" time="0.009"/>
  <system-out/>
</testsuite> <!-- Myclass -->
